2013/01/07 13:53:39 [error] [exception.CDbException] exception 'CDbException' with message 'CDbConnection failed to open the DB connection: SQLSTATE[28000] [1045] Access denied for user 'deportes'@'localhost' (using password: YES)' in C:\wamp\YiiRoot\framework\db\CDbConnection.php:348
Stack trace:
#0 C:\wamp\YiiRoot\framework\db\CDbConnection.php(297): CDbConnection->open()
#1 C:\wamp\YiiRoot\framework\db\CDbConnection.php(275): CDbConnection->setActive(true)
#2 C:\wamp\YiiRoot\framework\base\CModule.php(372): CDbConnection->init()
#3 C:\wamp\YiiRoot\framework\base\CApplication.php(426): CModule->getComponent('db')
#4 C:\wamp\YiiRoot\framework\db\ar\CActiveRecord.php(607): CApplication->getDb()
#5 C:\wamp\YiiRoot\framework\db\ar\CActiveRecord.php(2236): CActiveRecord->getDbConnection()
#6 C:\wamp\YiiRoot\framework\db\ar\CActiveRecord.php(371): CActiveRecordMetaData->__construct(Object(Usuario))
#7 C:\wamp\www\athrecords\protected\models\Usuario.php(23): CActiveRecord::model('Usuario')
#8 C:\wamp\www\athrecords\protected\components\EWebUser.php(15): Usuario::model()
#9 C:\wamp\www\athrecords\protected\components\EWebUser.php(6): EWebUser->loadUser()
#10 C:\wamp\www\athrecords\protected\views\layouts\main.php(36): EWebUser->isAdmin()
#11 C:\wamp\YiiRoot\framework\web\CBaseController.php(119): require('C:\wamp\www\ath...')
#12 C:\wamp\YiiRoot\framework\web\CBaseController.php(88): CBaseController->renderInternal('C:\wamp\www\ath...', Array, true)
#13 C:\wamp\YiiRoot\framework\web\widgets\CContentDecorator.php(78): CBaseController->renderFile('C:\wamp\www\ath...', Array, true)
#14 C:\wamp\YiiRoot\framework\web\widgets\CContentDecorator.php(56): CContentDecorator->decorate('<div class="con...')
#15 C:\wamp\YiiRoot\framework\web\widgets\COutputProcessor.php(45): CContentDecorator->processOutput('<div class="con...')
#16 C:\wamp\YiiRoot\framework\web\CBaseController.php(199): COutputProcessor->run()
#17 C:\wamp\YiiRoot\framework\web\CBaseController.php(294): CBaseController->endWidget('CContentDecorat...')
#18 C:\wamp\www\athrecords\protected\views\layouts\column1.php(7): CBaseController->endContent()
#19 C:\wamp\YiiRoot\framework\web\CBaseController.php(119): require('C:\wamp\www\ath...')
#20 C:\wamp\YiiRoot\framework\web\CBaseController.php(88): CBaseController->renderInternal('C:\wamp\www\ath...', Array, true)
#21 C:\wamp\YiiRoot\framework\web\CController.php(781): CBaseController->renderFile('C:\wamp\www\ath...', Array, true)
#22 C:\wamp\www\athrecords\protected\controllers\SiteController.php(70): CController->render('login', Array)
#23 C:\wamp\www\athrecords\protected\controllers\SiteController.php(26): SiteController->actionLogin()
#24 C:\wamp\YiiRoot\framework\web\actions\CInlineAction.php(50): SiteController->actionIndex()
#25 C:\wamp\YiiRoot\framework\web\CController.php(300): CInlineAction->runWithParams(Array)
#26 C:\wamp\YiiRoot\framework\web\CController.php(278): CController->runAction(Object(CInlineAction))
#27 C:\wamp\YiiRoot\framework\web\CController.php(257): CController->runActionWithFilters(Object(CInlineAction), Array)
#28 C:\wamp\YiiRoot\framework\web\CWebApplication.php(328): CController->run('')
#29 C:\wamp\YiiRoot\framework\web\CWebApplication.php(121): CWebApplication->runController('')
#30 C:\wamp\YiiRoot\framework\base\CApplication.php(155): CWebApplication->processRequest()
#31 C:\wamp\www\athrecords\index.php(13): CApplication->run()
#32 {main} REQUEST_URI=/athrecords/
2013/01/07 13:54:56 [error] [exception.CDbException] exception 'CDbException' with message 'CDbConnection.connectionString cannot be empty.' in C:\wamp\YiiRoot\framework\db\CDbConnection.php:336
Stack trace:
#0 C:\wamp\YiiRoot\framework\db\CDbConnection.php(297): CDbConnection->open()
#1 C:\wamp\YiiRoot\framework\db\CDbConnection.php(275): CDbConnection->setActive(true)
#2 C:\wamp\YiiRoot\framework\base\CModule.php(372): CDbConnection->init()
#3 C:\wamp\YiiRoot\framework\base\CApplication.php(426): CModule->getComponent('db')
#4 C:\wamp\YiiRoot\framework\db\ar\CActiveRecord.php(607): CApplication->getDb()
#5 C:\wamp\YiiRoot\framework\db\ar\CActiveRecord.php(2236): CActiveRecord->getDbConnection()
#6 C:\wamp\YiiRoot\framework\db\ar\CActiveRecord.php(371): CActiveRecordMetaData->__construct(Object(Usuario))
#7 C:\wamp\www\athrecords\protected\models\Usuario.php(23): CActiveRecord::model('Usuario')
#8 C:\wamp\www\athrecords\protected\components\EWebUser.php(15): Usuario::model()
#9 C:\wamp\www\athrecords\protected\components\EWebUser.php(6): EWebUser->loadUser()
#10 C:\wamp\www\athrecords\protected\views\layouts\main.php(36): EWebUser->isAdmin()
#11 C:\wamp\YiiRoot\framework\web\CBaseController.php(119): require('C:\wamp\www\ath...')
#12 C:\wamp\YiiRoot\framework\web\CBaseController.php(88): CBaseController->renderInternal('C:\wamp\www\ath...', Array, true)
#13 C:\wamp\YiiRoot\framework\web\widgets\CContentDecorator.php(78): CBaseController->renderFile('C:\wamp\www\ath...', Array, true)
#14 C:\wamp\YiiRoot\framework\web\widgets\CContentDecorator.php(56): CContentDecorator->decorate('<div class="con...')
#15 C:\wamp\YiiRoot\framework\web\widgets\COutputProcessor.php(45): CContentDecorator->processOutput('<div class="con...')
#16 C:\wamp\YiiRoot\framework\web\CBaseController.php(199): COutputProcessor->run()
#17 C:\wamp\YiiRoot\framework\web\CBaseController.php(294): CBaseController->endWidget('CContentDecorat...')
#18 C:\wamp\www\athrecords\protected\views\layouts\column1.php(7): CBaseController->endContent()
#19 C:\wamp\YiiRoot\framework\web\CBaseController.php(119): require('C:\wamp\www\ath...')
#20 C:\wamp\YiiRoot\framework\web\CBaseController.php(88): CBaseController->renderInternal('C:\wamp\www\ath...', Array, true)
#21 C:\wamp\YiiRoot\framework\web\CController.php(781): CBaseController->renderFile('C:\wamp\www\ath...', Array, true)
#22 C:\wamp\www\athrecords\protected\controllers\SiteController.php(70): CController->render('login', Array)
#23 C:\wamp\www\athrecords\protected\controllers\SiteController.php(26): SiteController->actionLogin()
#24 C:\wamp\YiiRoot\framework\web\actions\CInlineAction.php(50): SiteController->actionIndex()
#25 C:\wamp\YiiRoot\framework\web\CController.php(300): CInlineAction->runWithParams(Array)
#26 C:\wamp\YiiRoot\framework\web\CController.php(278): CController->runAction(Object(CInlineAction))
#27 C:\wamp\YiiRoot\framework\web\CController.php(257): CController->runActionWithFilters(Object(CInlineAction), Array)
#28 C:\wamp\YiiRoot\framework\web\CWebApplication.php(328): CController->run('')
#29 C:\wamp\YiiRoot\framework\web\CWebApplication.php(121): CWebApplication->runController('')
#30 C:\wamp\YiiRoot\framework\base\CApplication.php(155): CWebApplication->processRequest()
#31 C:\wamp\www\athrecords\index.php(13): CApplication->run()
#32 {main} REQUEST_URI=/athrecords/
2013/01/07 13:55:22 [error] [exception.CDbException] exception 'CDbException' with message 'The table "tbl_usuario" for active record class "Usuario" cannot be found in the database.' in C:\wamp\YiiRoot\framework\db\ar\CActiveRecord.php:2237
Stack trace:
#0 C:\wamp\YiiRoot\framework\db\ar\CActiveRecord.php(371): CActiveRecordMetaData->__construct(Object(Usuario))
#1 C:\wamp\www\athrecords\protected\models\Usuario.php(23): CActiveRecord::model('Usuario')
#2 C:\wamp\www\athrecords\protected\components\EWebUser.php(15): Usuario::model()
#3 C:\wamp\www\athrecords\protected\components\EWebUser.php(6): EWebUser->loadUser()
#4 C:\wamp\www\athrecords\protected\views\layouts\main.php(36): EWebUser->isAdmin()
#5 C:\wamp\YiiRoot\framework\web\CBaseController.php(119): require('C:\wamp\www\ath...')
#6 C:\wamp\YiiRoot\framework\web\CBaseController.php(88): CBaseController->renderInternal('C:\wamp\www\ath...', Array, true)
#7 C:\wamp\YiiRoot\framework\web\widgets\CContentDecorator.php(78): CBaseController->renderFile('C:\wamp\www\ath...', Array, true)
#8 C:\wamp\YiiRoot\framework\web\widgets\CContentDecorator.php(56): CContentDecorator->decorate('<div class="con...')
#9 C:\wamp\YiiRoot\framework\web\widgets\COutputProcessor.php(45): CContentDecorator->processOutput('<div class="con...')
#10 C:\wamp\YiiRoot\framework\web\CBaseController.php(199): COutputProcessor->run()
#11 C:\wamp\YiiRoot\framework\web\CBaseController.php(294): CBaseController->endWidget('CContentDecorat...')
#12 C:\wamp\www\athrecords\protected\views\layouts\column1.php(7): CBaseController->endContent()
#13 C:\wamp\YiiRoot\framework\web\CBaseController.php(119): require('C:\wamp\www\ath...')
#14 C:\wamp\YiiRoot\framework\web\CBaseController.php(88): CBaseController->renderInternal('C:\wamp\www\ath...', Array, true)
#15 C:\wamp\YiiRoot\framework\web\CController.php(781): CBaseController->renderFile('C:\wamp\www\ath...', Array, true)
#16 C:\wamp\www\athrecords\protected\controllers\SiteController.php(70): CController->render('login', Array)
#17 C:\wamp\www\athrecords\protected\controllers\SiteController.php(26): SiteController->actionLogin()
#18 C:\wamp\YiiRoot\framework\web\actions\CInlineAction.php(50): SiteController->actionIndex()
#19 C:\wamp\YiiRoot\framework\web\CController.php(300): CInlineAction->runWithParams(Array)
#20 C:\wamp\YiiRoot\framework\web\CController.php(278): CController->runAction(Object(CInlineAction))
#21 C:\wamp\YiiRoot\framework\web\CController.php(257): CController->runActionWithFilters(Object(CInlineAction), Array)
#22 C:\wamp\YiiRoot\framework\web\CWebApplication.php(328): CController->run('')
#23 C:\wamp\YiiRoot\framework\web\CWebApplication.php(121): CWebApplication->runController('')
#24 C:\wamp\YiiRoot\framework\base\CApplication.php(155): CWebApplication->processRequest()
#25 C:\wamp\www\athrecords\index.php(13): CApplication->run()
#26 {main} REQUEST_URI=/athrecords/
2013/01/07 13:55:54 [error] [exception.CDbException] exception 'CDbException' with message 'CDbConnection failed to open the DB connection: SQLSTATE[28000] [1045] Access denied for user 'deportes'@'localhost' (using password: YES)' in C:\wamp\YiiRoot\framework\db\CDbConnection.php:348
Stack trace:
#0 C:\wamp\YiiRoot\framework\db\CDbConnection.php(297): CDbConnection->open()
#1 C:\wamp\YiiRoot\framework\db\CDbConnection.php(275): CDbConnection->setActive(true)
#2 C:\wamp\YiiRoot\framework\base\CModule.php(372): CDbConnection->init()
#3 C:\wamp\YiiRoot\framework\base\CApplication.php(426): CModule->getComponent('db')
#4 C:\wamp\YiiRoot\framework\db\ar\CActiveRecord.php(607): CApplication->getDb()
#5 C:\wamp\YiiRoot\framework\db\ar\CActiveRecord.php(2236): CActiveRecord->getDbConnection()
#6 C:\wamp\YiiRoot\framework\db\ar\CActiveRecord.php(371): CActiveRecordMetaData->__construct(Object(Usuario))
#7 C:\wamp\www\athrecords\protected\models\Usuario.php(23): CActiveRecord::model('Usuario')
#8 C:\wamp\www\athrecords\protected\components\EWebUser.php(15): Usuario::model()
#9 C:\wamp\www\athrecords\protected\components\EWebUser.php(6): EWebUser->loadUser()
#10 C:\wamp\www\athrecords\protected\views\layouts\main.php(36): EWebUser->isAdmin()
#11 C:\wamp\YiiRoot\framework\web\CBaseController.php(119): require('C:\wamp\www\ath...')
#12 C:\wamp\YiiRoot\framework\web\CBaseController.php(88): CBaseController->renderInternal('C:\wamp\www\ath...', Array, true)
#13 C:\wamp\YiiRoot\framework\web\widgets\CContentDecorator.php(78): CBaseController->renderFile('C:\wamp\www\ath...', Array, true)
#14 C:\wamp\YiiRoot\framework\web\widgets\CContentDecorator.php(56): CContentDecorator->decorate('<div class="con...')
#15 C:\wamp\YiiRoot\framework\web\widgets\COutputProcessor.php(45): CContentDecorator->processOutput('<div class="con...')
#16 C:\wamp\YiiRoot\framework\web\CBaseController.php(199): COutputProcessor->run()
#17 C:\wamp\YiiRoot\framework\web\CBaseController.php(294): CBaseController->endWidget('CContentDecorat...')
#18 C:\wamp\www\athrecords\protected\views\layouts\column1.php(7): CBaseController->endContent()
#19 C:\wamp\YiiRoot\framework\web\CBaseController.php(119): require('C:\wamp\www\ath...')
#20 C:\wamp\YiiRoot\framework\web\CBaseController.php(88): CBaseController->renderInternal('C:\wamp\www\ath...', Array, true)
#21 C:\wamp\YiiRoot\framework\web\CController.php(781): CBaseController->renderFile('C:\wamp\www\ath...', Array, true)
#22 C:\wamp\www\athrecords\protected\controllers\SiteController.php(70): CController->render('login', Array)
#23 C:\wamp\www\athrecords\protected\controllers\SiteController.php(26): SiteController->actionLogin()
#24 C:\wamp\YiiRoot\framework\web\actions\CInlineAction.php(50): SiteController->actionIndex()
#25 C:\wamp\YiiRoot\framework\web\CController.php(300): CInlineAction->runWithParams(Array)
#26 C:\wamp\YiiRoot\framework\web\CController.php(278): CController->runAction(Object(CInlineAction))
#27 C:\wamp\YiiRoot\framework\web\CController.php(257): CController->runActionWithFilters(Object(CInlineAction), Array)
#28 C:\wamp\YiiRoot\framework\web\CWebApplication.php(328): CController->run('')
#29 C:\wamp\YiiRoot\framework\web\CWebApplication.php(121): CWebApplication->runController('')
#30 C:\wamp\YiiRoot\framework\base\CApplication.php(155): CWebApplication->processRequest()
#31 C:\wamp\www\athrecords\index.php(13): CApplication->run()
#32 {main} REQUEST_URI=/athrecords/
2013/01/07 13:57:09 [error] [system.db.CDbCommand] CDbCommand::fetchAll() failed: SQLSTATE[42S02]: Base table or view not found: 1146 Table 'bd_registro.tbl_usuario' doesn't exist. The SQL statement executed was: SHOW COLUMNS FROM `tbl_usuario`.
in C:\wamp\www\athrecords\protected\models\Usuario.php (23)
in C:\wamp\www\athrecords\protected\components\EWebUser.php (15)
in C:\wamp\www\athrecords\protected\components\EWebUser.php (6)
2013/01/07 13:57:09 [error] [exception.CDbException] exception 'CDbException' with message 'The table "tbl_usuario" for active record class "Usuario" cannot be found in the database.' in C:\wamp\YiiRoot\framework\db\ar\CActiveRecord.php:2237
Stack trace:
#0 C:\wamp\YiiRoot\framework\db\ar\CActiveRecord.php(371): CActiveRecordMetaData->__construct(Object(Usuario))
#1 C:\wamp\www\athrecords\protected\models\Usuario.php(23): CActiveRecord::model('Usuario')
#2 C:\wamp\www\athrecords\protected\components\EWebUser.php(15): Usuario::model()
#3 C:\wamp\www\athrecords\protected\components\EWebUser.php(6): EWebUser->loadUser()
#4 C:\wamp\www\athrecords\protected\views\layouts\main.php(36): EWebUser->isAdmin()
#5 C:\wamp\YiiRoot\framework\web\CBaseController.php(119): require('C:\wamp\www\ath...')
#6 C:\wamp\YiiRoot\framework\web\CBaseController.php(88): CBaseController->renderInternal('C:\wamp\www\ath...', Array, true)
#7 C:\wamp\YiiRoot\framework\web\widgets\CContentDecorator.php(78): CBaseController->renderFile('C:\wamp\www\ath...', Array, true)
#8 C:\wamp\YiiRoot\framework\web\widgets\CContentDecorator.php(56): CContentDecorator->decorate('<div class="con...')
#9 C:\wamp\YiiRoot\framework\web\widgets\COutputProcessor.php(45): CContentDecorator->processOutput('<div class="con...')
#10 C:\wamp\YiiRoot\framework\web\CBaseController.php(199): COutputProcessor->run()
#11 C:\wamp\YiiRoot\framework\web\CBaseController.php(294): CBaseController->endWidget('CContentDecorat...')
#12 C:\wamp\www\athrecords\protected\views\layouts\column1.php(7): CBaseController->endContent()
#13 C:\wamp\YiiRoot\framework\web\CBaseController.php(119): require('C:\wamp\www\ath...')
#14 C:\wamp\YiiRoot\framework\web\CBaseController.php(88): CBaseController->renderInternal('C:\wamp\www\ath...', Array, true)
#15 C:\wamp\YiiRoot\framework\web\CController.php(781): CBaseController->renderFile('C:\wamp\www\ath...', Array, true)
#16 C:\wamp\www\athrecords\protected\controllers\SiteController.php(70): CController->render('login', Array)
#17 C:\wamp\www\athrecords\protected\controllers\SiteController.php(26): SiteController->actionLogin()
#18 C:\wamp\YiiRoot\framework\web\actions\CInlineAction.php(50): SiteController->actionIndex()
#19 C:\wamp\YiiRoot\framework\web\CController.php(300): CInlineAction->runWithParams(Array)
#20 C:\wamp\YiiRoot\framework\web\CController.php(278): CController->runAction(Object(CInlineAction))
#21 C:\wamp\YiiRoot\framework\web\CController.php(257): CController->runActionWithFilters(Object(CInlineAction), Array)
#22 C:\wamp\YiiRoot\framework\web\CWebApplication.php(328): CController->run('')
#23 C:\wamp\YiiRoot\framework\web\CWebApplication.php(121): CWebApplication->runController('')
#24 C:\wamp\YiiRoot\framework\base\CApplication.php(155): CWebApplication->processRequest()
#25 C:\wamp\www\athrecords\index.php(13): CApplication->run()
#26 {main} REQUEST_URI=/athrecords/
2013/01/07 13:58:45 [error] [exception.CException] exception 'CException' with message 'CAssetManager.basePath "C:\wamp\www\athrecords\assets" is invalid. Please make sure the directory exists and is writable by the Web server process.' in C:\wamp\YiiRoot\framework\web\CAssetManager.php:98
Stack trace:
#0 C:\wamp\YiiRoot\framework\web\CAssetManager.php(83): CAssetManager->setBasePath('C:\wamp\www\ath...')
#1 C:\wamp\YiiRoot\framework\web\CAssetManager.php(192): CAssetManager->getBasePath()
#2 C:\wamp\YiiRoot\framework\web\CClientScript.php(464): CAssetManager->publish('C:\wamp\YiiRoot...')
#3 C:\wamp\YiiRoot\framework\web\CClientScript.php(317): CClientScript->getCoreScriptUrl()
#4 C:\wamp\YiiRoot\framework\web\CClientScript.php(197): CClientScript->renderCoreScripts()
#5 C:\wamp\YiiRoot\framework\web\CController.php(343): CClientScript->render('<!DOCTYPE html ...')
#6 C:\wamp\YiiRoot\framework\web\CController.php(785): CController->processOutput('<!DOCTYPE html ...')
#7 C:\wamp\www\athrecords\protected\controllers\SiteController.php(70): CController->render('login', Array)
#8 C:\wamp\www\athrecords\protected\controllers\SiteController.php(26): SiteController->actionLogin()
#9 C:\wamp\YiiRoot\framework\web\actions\CInlineAction.php(50): SiteController->actionIndex()
#10 C:\wamp\YiiRoot\framework\web\CController.php(300): CInlineAction->runWithParams(Array)
#11 C:\wamp\YiiRoot\framework\web\CController.php(278): CController->runAction(Object(CInlineAction))
#12 C:\wamp\YiiRoot\framework\web\CController.php(257): CController->runActionWithFilters(Object(CInlineAction), Array)
#13 C:\wamp\YiiRoot\framework\web\CWebApplication.php(328): CController->run('')
#14 C:\wamp\YiiRoot\framework\web\CWebApplication.php(121): CWebApplication->runController('')
#15 C:\wamp\YiiRoot\framework\base\CApplication.php(155): CWebApplication->processRequest()
#16 C:\wamp\www\athrecords\index.php(13): CApplication->run()
#17 {main} REQUEST_URI=/athrecords/
2013/01/07 14:01:01 [error] [exception.CException] exception 'CException' with message 'CAssetManager.basePath "C:\wamp\www\athrecords\assets" is invalid. Please make sure the directory exists and is writable by the Web server process.' in C:\wamp\YiiRoot\framework\web\CAssetManager.php:98
Stack trace:
#0 C:\wamp\YiiRoot\framework\web\CAssetManager.php(83): CAssetManager->setBasePath('C:\wamp\www\ath...')
#1 C:\wamp\YiiRoot\framework\web\CAssetManager.php(192): CAssetManager->getBasePath()
#2 C:\wamp\YiiRoot\framework\web\CClientScript.php(464): CAssetManager->publish('C:\wamp\YiiRoot...')
#3 C:\wamp\YiiRoot\framework\web\CClientScript.php(317): CClientScript->getCoreScriptUrl()
#4 C:\wamp\YiiRoot\framework\web\CClientScript.php(197): CClientScript->renderCoreScripts()
#5 C:\wamp\YiiRoot\framework\web\CController.php(343): CClientScript->render('<!DOCTYPE html ...')
#6 C:\wamp\YiiRoot\framework\web\CController.php(785): CController->processOutput('<!DOCTYPE html ...')
#7 C:\wamp\www\athrecords\protected\controllers\SiteController.php(70): CController->render('login', Array)
#8 C:\wamp\www\athrecords\protected\controllers\SiteController.php(26): SiteController->actionLogin()
#9 C:\wamp\YiiRoot\framework\web\actions\CInlineAction.php(50): SiteController->actionIndex()
#10 C:\wamp\YiiRoot\framework\web\CController.php(300): CInlineAction->runWithParams(Array)
#11 C:\wamp\YiiRoot\framework\web\CController.php(278): CController->runAction(Object(CInlineAction))
#12 C:\wamp\YiiRoot\framework\web\CController.php(257): CController->runActionWithFilters(Object(CInlineAction), Array)
#13 C:\wamp\YiiRoot\framework\web\CWebApplication.php(328): CController->run('')
#14 C:\wamp\YiiRoot\framework\web\CWebApplication.php(121): CWebApplication->runController('')
#15 C:\wamp\YiiRoot\framework\base\CApplication.php(155): CWebApplication->processRequest()
#16 C:\wamp\www\athrecords\index.php(13): CApplication->run()
#17 {main} REQUEST_URI=/athrecords/
2013/01/07 14:11:13 [error] [system.db.CDbCommand] CDbCommand::fetchAll() failed: SQLSTATE[42S02]: Base table or view not found: 1146 Table 'bd_registro.tbl_atleta_personal' doesn't exist. The SQL statement executed was: SHOW COLUMNS FROM `tbl_atleta_personal`.
in C:\wamp\www\athrecords\protected\controllers\AtletaController.php (194)
in C:\wamp\www\athrecords\index.php (13)
2013/01/07 14:11:13 [error] [exception.CDbException] exception 'CDbException' with message 'La tabla "tbl_atleta_personal" definida en la clase active record "AtletaPersonal" no se ha podido encontrar en la base de datos.' in C:\wamp\YiiRoot\framework\db\ar\CActiveRecord.php:2237
Stack trace:
#0 C:\wamp\YiiRoot\framework\db\ar\CActiveRecord.php(371): CActiveRecordMetaData->__construct(Object(AtletaPersonal))
#1 C:\wamp\YiiRoot\framework\web\CActiveDataProvider.php(72): CActiveRecord::model('AtletaPersonal')
#2 C:\wamp\www\athrecords\protected\controllers\AtletaController.php(194): CActiveDataProvider->__construct('AtletaPersonal', Array)
#3 C:\wamp\YiiRoot\framework\web\actions\CInlineAction.php(50): AtletaController->actionIndex()
#4 C:\wamp\YiiRoot\framework\web\CController.php(300): CInlineAction->runWithParams(Array)
#5 C:\wamp\YiiRoot\framework\web\filters\CFilterChain.php(133): CController->runAction(Object(CInlineAction))
#6 C:\wamp\YiiRoot\framework\web\filters\CFilter.php(41): CFilterChain->run()
#7 C:\wamp\YiiRoot\framework\web\CController.php(1122): CFilter->filter(Object(CFilterChain))
#8 C:\wamp\YiiRoot\framework\web\filters\CInlineFilter.php(59): CController->filterAccessControl(Object(CFilterChain))
#9 C:\wamp\YiiRoot\framework\web\filters\CFilterChain.php(130): CInlineFilter->filter(Object(CFilterChain))
#10 C:\wamp\YiiRoot\framework\web\CController.php(283): CFilterChain->run()
#11 C:\wamp\YiiRoot\framework\web\CController.php(257): CController->runActionWithFilters(Object(CInlineAction), Array)
#12 C:\wamp\YiiRoot\framework\web\CWebApplication.php(328): CController->run('index')
#13 C:\wamp\YiiRoot\framework\web\CWebApplication.php(121): CWebApplication->runController('atleta/index')
#14 C:\wamp\YiiRoot\framework\base\CApplication.php(155): CWebApplication->processRequest()
#15 C:\wamp\www\athrecords\index.php(13): CApplication->run()
#16 {main} REQUEST_URI=/athrecords/index.php?r=atleta/index
2013/01/07 14:11:33 [error] [system.db.CDbCommand] CDbCommand::fetchAll() failed: SQLSTATE[42S02]: Base table or view not found: 1146 Table 'bd_registro.tbl_atleta_personal' doesn't exist. The SQL statement executed was: SHOW COLUMNS FROM `tbl_atleta_personal`.
in C:\wamp\www\athrecords\protected\controllers\AtletaController.php (194)
in C:\wamp\www\athrecords\index.php (13)
2013/01/07 14:11:33 [error] [exception.CDbException] exception 'CDbException' with message 'La tabla "tbl_atleta_personal" definida en la clase active record "AtletaPersonal" no se ha podido encontrar en la base de datos.' in C:\wamp\YiiRoot\framework\db\ar\CActiveRecord.php:2237
Stack trace:
#0 C:\wamp\YiiRoot\framework\db\ar\CActiveRecord.php(371): CActiveRecordMetaData->__construct(Object(AtletaPersonal))
#1 C:\wamp\YiiRoot\framework\web\CActiveDataProvider.php(72): CActiveRecord::model('AtletaPersonal')
#2 C:\wamp\www\athrecords\protected\controllers\AtletaController.php(194): CActiveDataProvider->__construct('AtletaPersonal', Array)
#3 C:\wamp\YiiRoot\framework\web\actions\CInlineAction.php(50): AtletaController->actionIndex()
#4 C:\wamp\YiiRoot\framework\web\CController.php(300): CInlineAction->runWithParams(Array)
#5 C:\wamp\YiiRoot\framework\web\filters\CFilterChain.php(133): CController->runAction(Object(CInlineAction))
#6 C:\wamp\YiiRoot\framework\web\filters\CFilter.php(41): CFilterChain->run()
#7 C:\wamp\YiiRoot\framework\web\CController.php(1122): CFilter->filter(Object(CFilterChain))
#8 C:\wamp\YiiRoot\framework\web\filters\CInlineFilter.php(59): CController->filterAccessControl(Object(CFilterChain))
#9 C:\wamp\YiiRoot\framework\web\filters\CFilterChain.php(130): CInlineFilter->filter(Object(CFilterChain))
#10 C:\wamp\YiiRoot\framework\web\CController.php(283): CFilterChain->run()
#11 C:\wamp\YiiRoot\framework\web\CController.php(257): CController->runActionWithFilters(Object(CInlineAction), Array)
#12 C:\wamp\YiiRoot\framework\web\CWebApplication.php(328): CController->run('index')
#13 C:\wamp\YiiRoot\framework\web\CWebApplication.php(121): CWebApplication->runController('atleta/index')
#14 C:\wamp\YiiRoot\framework\base\CApplication.php(155): CWebApplication->processRequest()
#15 C:\wamp\www\athrecords\index.php(13): CApplication->run()
#16 {main} REQUEST_URI=/athrecords/index.php?r=atleta/index
2013/01/07 14:12:59 [error] [system.db.CDbCommand] CDbCommand::fetchAll() failed: SQLSTATE[42S02]: Base table or view not found: 1146 Table 'bd_registro.tbl_atleta_personal' doesn't exist. The SQL statement executed was: SHOW COLUMNS FROM `tbl_atleta_personal`.
in C:\wamp\www\athrecords\protected\controllers\AtletaController.php (194)
in C:\wamp\www\athrecords\index.php (13)
2013/01/07 14:12:59 [error] [exception.CDbException] exception 'CDbException' with message 'La tabla "tbl_atleta_personal" definida en la clase active record "AtletaPersonal" no se ha podido encontrar en la base de datos.' in C:\wamp\YiiRoot\framework\db\ar\CActiveRecord.php:2237
Stack trace:
#0 C:\wamp\YiiRoot\framework\db\ar\CActiveRecord.php(371): CActiveRecordMetaData->__construct(Object(AtletaPersonal))
#1 C:\wamp\YiiRoot\framework\web\CActiveDataProvider.php(72): CActiveRecord::model('AtletaPersonal')
#2 C:\wamp\www\athrecords\protected\controllers\AtletaController.php(194): CActiveDataProvider->__construct('AtletaPersonal', Array)
#3 C:\wamp\YiiRoot\framework\web\actions\CInlineAction.php(50): AtletaController->actionIndex()
#4 C:\wamp\YiiRoot\framework\web\CController.php(300): CInlineAction->runWithParams(Array)
#5 C:\wamp\YiiRoot\framework\web\filters\CFilterChain.php(133): CController->runAction(Object(CInlineAction))
#6 C:\wamp\YiiRoot\framework\web\filters\CFilter.php(41): CFilterChain->run()
#7 C:\wamp\YiiRoot\framework\web\CController.php(1122): CFilter->filter(Object(CFilterChain))
#8 C:\wamp\YiiRoot\framework\web\filters\CInlineFilter.php(59): CController->filterAccessControl(Object(CFilterChain))
#9 C:\wamp\YiiRoot\framework\web\filters\CFilterChain.php(130): CInlineFilter->filter(Object(CFilterChain))
#10 C:\wamp\YiiRoot\framework\web\CController.php(283): CFilterChain->run()
#11 C:\wamp\YiiRoot\framework\web\CController.php(257): CController->runActionWithFilters(Object(CInlineAction), Array)
#12 C:\wamp\YiiRoot\framework\web\CWebApplication.php(328): CController->run('index')
#13 C:\wamp\YiiRoot\framework\web\CWebApplication.php(121): CWebApplication->runController('atleta/index')
#14 C:\wamp\YiiRoot\framework\base\CApplication.php(155): CWebApplication->processRequest()
#15 C:\wamp\www\athrecords\index.php(13): CApplication->run()
#16 {main} REQUEST_URI=/athrecords/index.php?r=atleta/index
